# JRE version: Java(TM) SE Runtime Environment (8.0_112-b15) (build 1.8.0_112-b15)
# Java VM: Java HotSpot(TM) 64-Bit Server VM (25.112-b15 mixed mode windows-amd64 compressed oops)
Heap:
 PSYoungGen      total 260608K, used 59443K [0x00000000d5c00000, 0x00000000ed500000, 0x0000000100000000)
  eden space 245760K, 18% used [0x00000000d5c00000,0x00000000d878ea78,0x00000000e4c00000)
  from space 14848K, 99% used [0x00000000e4c00000,0x00000000e5a7e2a8,0x00000000e5a80000)
  to   space 18432K, 0% used [0x00000000ec300000,0x00000000ec300000,0x00000000ed500000)
 ParOldGen       total 66048K, used 21352K [0x0000000081400000, 0x0000000085480000, 0x00000000d5c00000)
  object space 66048K, 32% used [0x0000000081400000,0x00000000828da1d8,0x0000000085480000)
 Metaspace       used 49125K, capacity 51234K, committed 51328K, reserved 1093632K
  class space    used 6633K, capacity 7009K, committed 7040K, reserved 1048576K
GC Heap History (10 events):
Event: 16.159 GC heap before
{Heap before GC invocations=7 (full 1):
 PSYoungGen      total 71680K, used 66542K [0x00000000d5c00000, 0x00000000dee00000, 0x0000000100000000)
  eden space 66560K, 99% used [0x00000000d5c00000,0x00000000d9cfbbe0,0x00000000d9d00000)
  from space 5120K, 0% used [0x00000000d9d00000,0x00000000d9d00000,0x00000000da200000)
  to   space 8192K, 0% used [0x00000000de600000,0x00000000de600000,0x00000000dee00000)
 ParOldGen       total 44544K, used 6284K [0x0000000081400000, 0x0000000083f80000, 0x00000000d5c00000)
  object space 44544K, 14% used [0x0000000081400000,0x0000000081a23370,0x0000000083f80000)
 Metaspace       used 25864K, capacity 26624K, committed 26880K, reserved 1073152K
  class space    used 3345K, capacity 3508K, committed 3584K, reserved 1048576K
Event: 16.183 GC heap after
Heap after GC invocations=7 (full 1):
 PSYoungGen      total 137216K, used 8191K [0x00000000d5c00000, 0x00000000dee00000, 0x0000000100000000)
  eden space 129024K, 0% used [0x00000000d5c00000,0x00000000d5c00000,0x00000000dda00000)
  from space 8192K, 99% used [0x00000000de600000,0x00000000dedffc98,0x00000000dee00000)
  to   space 9728K, 0% used [0x00000000ddb00000,0x00000000ddb00000,0x00000000de480000)
 ParOldGen       total 44544K, used 7359K [0x0000000081400000, 0x0000000083f80000, 0x00000000d5c00000)
  object space 44544K, 16% used [0x0000000081400000,0x0000000081b2ff80,0x0000000083f80000)
 Metaspace       used 25864K, capacity 26624K, committed 26880K, reserved 1073152K
  class space    used 3345K, capacity 3508K, committed 3584K, reserved 1048576K
}
Event: 18.966 GC heap before
{Heap before GC invocations=8 (full 1):
 PSYoungGen      total 137216K, used 137215K [0x00000000d5c00000, 0x00000000dee00000, 0x0000000100000000)
  eden space 129024K, 100% used [0x00000000d5c00000,0x00000000dda00000,0x00000000dda00000)
  from space 8192K, 99% used [0x00000000de600000,0x00000000dedffc98,0x00000000dee00000)
  to   space 9728K, 0% used [0x00000000ddb00000,0x00000000ddb00000,0x00000000de480000)
 ParOldGen       total 44544K, used 7359K [0x0000000081400000, 0x0000000083f80000, 0x00000000d5c00000)
  object space 44544K, 16% used [0x0000000081400000,0x0000000081b2ff80,0x0000000083f80000)
 Metaspace       used 30730K, capacity 31946K, committed 32256K, reserved 1077248K
  class space    used 4032K, capacity 4277K, committed 4352K, reserved 1048576K
Event: 18.998 GC heap after
Heap after GC invocations=8 (full 1):
 PSYoungGen      total 139776K, used 9710K [0x00000000d5c00000, 0x00000000e6700000, 0x0000000100000000)
  eden space 130048K, 0% used [0x00000000d5c00000,0x00000000d5c00000,0x00000000ddb00000)
  from space 9728K, 99% used [0x00000000ddb00000,0x00000000de47b8a0,0x00000000de480000)
  to   space 12800K, 0% used [0x00000000e5a80000,0x00000000e5a80000,0x00000000e6700000)
 ParOldGen       total 44544K, used 11230K [0x0000000081400000, 0x0000000083f80000, 0x00000000d5c00000)
  object space 44544K, 25% used [0x0000000081400000,0x0000000081ef7848,0x0000000083f80000)
 Metaspace       used 30730K, capacity 31946K, committed 32256K, reserved 1077248K
  class space    used 4032K, capacity 4277K, committed 4352K, reserved 1048576K
}
Event: 22.594 GC heap before
{Heap before GC invocations=9 (full 1):
 PSYoungGen      total 139776K, used 59936K [0x00000000d5c00000, 0x00000000e6700000, 0x0000000100000000)
  eden space 130048K, 38% used [0x00000000d5c00000,0x00000000d8d0c958,0x00000000ddb00000)
  from space 9728K, 99% used [0x00000000ddb00000,0x00000000de47b8a0,0x00000000de480000)
  to   space 12800K, 0% used [0x00000000e5a80000,0x00000000e5a80000,0x00000000e6700000)
 ParOldGen       total 44544K, used 11230K [0x0000000081400000, 0x0000000083f80000, 0x00000000d5c00000)
  object space 44544K, 25% used [0x0000000081400000,0x0000000081ef7848,0x0000000083f80000)
 Metaspace       used 34162K, capacity 35352K, committed 35416K, reserved 1079296K
  class space    used 4584K, capacity 4830K, committed 4864K, reserved 1048576K
Event: 22.610 GC heap after
Heap after GC invocations=9 (full 1):
 PSYoungGen      total 258560K, used 12791K [0x00000000d5c00000, 0x00000000e6a80000, 0x0000000100000000)
  eden space 245760K, 0% used [0x00000000d5c00000,0x00000000d5c00000,0x00000000e4c00000)
  from space 12800K, 99% used [0x00000000e5a80000,0x00000000e66fdf18,0x00000000e6700000)
  to   space 14848K, 0% used [0x00000000e4c00000,0x00000000e4c00000,0x00000000e5a80000)
 ParOldGen       total 44544K, used 11649K [0x0000000081400000, 0x0000000083f80000, 0x00000000d5c00000)
  object space 44544K, 26% used [0x0000000081400000,0x0000000081f60600,0x0000000083f80000)
 Metaspace       used 34162K, capacity 35352K, committed 35416K, reserved 1079296K
  class space    used 4584K, capacity 4830K, committed 4864K, reserved 1048576K
}
Event: 22.610 GC heap before
{Heap before GC invocations=10 (full 2):
 PSYoungGen      total 258560K, used 12791K [0x00000000d5c00000, 0x00000000e6a80000, 0x0000000100000000)
  eden space 245760K, 0% used [0x00000000d5c00000,0x00000000d5c00000,0x00000000e4c00000)
  from space 12800K, 99% used [0x00000000e5a80000,0x00000000e66fdf18,0x00000000e6700000)
  to   space 14848K, 0% used [0x00000000e4c00000,0x00000000e4c00000,0x00000000e5a80000)
 ParOldGen       total 44544K, used 11649K [0x0000000081400000, 0x0000000083f80000, 0x00000000d5c00000)
  object space 44544K, 26% used [0x0000000081400000,0x0000000081f60600,0x0000000083f80000)
 Metaspace       used 34162K, capacity 35352K, committed 35416K, reserved 1079296K
  class space    used 4584K, capacity 4830K, committed 4864K, reserved 1048576K
Event: 22.701 GC heap after
Heap after GC invocations=10 (full 2):
 PSYoungGen      total 258560K, used 0K [0x00000000d5c00000, 0x00000000e6a80000, 0x0000000100000000)
  eden space 245760K, 0% used [0x00000000d5c00000,0x00000000d5c00000,0x00000000e4c00000)
  from space 12800K, 0% used [0x00000000e5a80000,0x00000000e5a80000,0x00000000e6700000)
  to   space 14848K, 0% used [0x00000000e4c00000,0x00000000e4c00000,0x00000000e5a80000)
 ParOldGen       total 66048K, used 17872K [0x0000000081400000, 0x0000000085480000, 0x00000000d5c00000)
  object space 66048K, 27% used [0x0000000081400000,0x00000000825743f0,0x0000000085480000)
 Metaspace       used 34162K, capacity 35352K, committed 35416K, reserved 1079296K
  class space    used 4584K, capacity 4830K, committed 4864K, reserved 1048576K
}
Event: 40.155 GC heap before
{Heap before GC invocations=11 (full 2):
 PSYoungGen      total 258560K, used 245760K [0x00000000d5c00000, 0x00000000e6a80000, 0x0000000100000000)
  eden space 245760K, 100% used [0x00000000d5c00000,0x00000000e4c00000,0x00000000e4c00000)
  from space 12800K, 0% used [0x00000000e5a80000,0x00000000e5a80000,0x00000000e6700000)
  to   space 14848K, 0% used [0x00000000e4c00000,0x00000000e4c00000,0x00000000e5a80000)
 ParOldGen       total 66048K, used 17872K [0x0000000081400000, 0x0000000085480000, 0x00000000d5c00000)
  object space 66048K, 27% used [0x0000000081400000,0x00000000825743f0,0x0000000085480000)
 Metaspace       used 48588K, capacity 50658K, committed 50816K, reserved 1093632K
  class space    used 6560K, capacity 6935K, committed 7040K, reserved 1048576K
Event: 40.175 GC heap after
Heap after GC invocations=11 (full 2):
 PSYoungGen      total 260608K, used 14840K [0x00000000d5c00000, 0x00000000ed500000, 0x0000000100000000)
  eden space 245760K, 0% used [0x00000000d5c00000,0x00000000d5c00000,0x00000000e4c00000)
  from space 14848K, 99% used [0x00000000e4c00000,0x00000000e5a7e2a8,0x00000000e5a80000)
  to   space 18432K, 0% used [0x00000000ec300000,0x00000000ec300000,0x00000000ed500000)
 ParOldGen       total 66048K, used 21352K [0x0000000081400000, 0x0000000085480000, 0x00000000d5c00000)
  object space 66048K, 32% used [0x0000000081400000,0x00000000828da1d8,0x0000000085480000)
 Metaspace       used 48588K, capacity 50658K, committed 50816K, reserved 1093632K
  class space    used 6560K, capacity 6935K, committed 7040K, reserved 1048576K
}

