# JRE version: Java(TM) SE Runtime Environment (8.0_112-b15) (build 1.8.0_112-b15)
# Java VM: Java HotSpot(TM) 64-Bit Server VM (25.112-b15 mixed mode windows-amd64 compressed oops)
Heap:
 PSYoungGen      total 132608K, used 34189K [0x00000000d5c00000, 0x00000000dee00000, 0x0000000100000000)
  eden space 122880K, 19% used [0x00000000d5c00000,0x00000000d73e5518,0x00000000dd400000)
  from space 9728K, 99% used [0x00000000ddb00000,0x00000000de47e048,0x00000000de480000)
  to   space 8192K, 0% used [0x00000000de600000,0x00000000de600000,0x00000000dee00000)
 ParOldGen       total 74752K, used 18597K [0x0000000081400000, 0x0000000085d00000, 0x00000000d5c00000)
  object space 74752K, 24% used [0x0000000081400000,0x00000000826297b0,0x0000000085d00000)
 Metaspace       used 45861K, capacity 47500K, committed 47704K, reserved 1091584K
  class space    used 6091K, capacity 6414K, committed 6528K, reserved 1048576K
GC Heap History (10 events):
Event: 4.085 GC heap before
{Heap before GC invocations=7 (full 1):
 PSYoungGen      total 71680K, used 66560K [0x00000000d5c00000, 0x00000000dee00000, 0x0000000100000000)
  eden space 66560K, 100% used [0x00000000d5c00000,0x00000000d9d00000,0x00000000d9d00000)
  from space 5120K, 0% used [0x00000000d9d00000,0x00000000d9d00000,0x00000000da200000)
  to   space 8192K, 0% used [0x00000000de600000,0x00000000de600000,0x00000000dee00000)
 ParOldGen       total 48128K, used 5980K [0x0000000081400000, 0x0000000084300000, 0x00000000d5c00000)
  object space 48128K, 12% used [0x0000000081400000,0x00000000819d7360,0x0000000084300000)
 Metaspace       used 26078K, capacity 26808K, committed 26880K, reserved 1073152K
  class space    used 3339K, capacity 3540K, committed 3584K, reserved 1048576K
Event: 4.152 GC heap after
Heap after GC invocations=7 (full 1):
 PSYoungGen      total 131072K, used 8170K [0x00000000d5c00000, 0x00000000dee00000, 0x0000000100000000)
  eden space 122880K, 0% used [0x00000000d5c00000,0x00000000d5c00000,0x00000000dd400000)
  from space 8192K, 99% used [0x00000000de600000,0x00000000dedfaac8,0x00000000dee00000)
  to   space 9728K, 0% used [0x00000000ddb00000,0x00000000ddb00000,0x00000000de480000)
 ParOldGen       total 48128K, used 7361K [0x0000000081400000, 0x0000000084300000, 0x00000000d5c00000)
  object space 48128K, 15% used [0x0000000081400000,0x0000000081b30500,0x0000000084300000)
 Metaspace       used 26078K, capacity 26808K, committed 26880K, reserved 1073152K
  class space    used 3339K, capacity 3540K, committed 3584K, reserved 1048576K
}
Event: 5.167 GC heap before
{Heap before GC invocations=8 (full 1):
 PSYoungGen      total 131072K, used 131050K [0x00000000d5c00000, 0x00000000dee00000, 0x0000000100000000)
  eden space 122880K, 100% used [0x00000000d5c00000,0x00000000dd400000,0x00000000dd400000)
  from space 8192K, 99% used [0x00000000de600000,0x00000000dedfaac8,0x00000000dee00000)
  to   space 9728K, 0% used [0x00000000ddb00000,0x00000000ddb00000,0x00000000de480000)
 ParOldGen       total 48128K, used 7361K [0x0000000081400000, 0x0000000084300000, 0x00000000d5c00000)
  object space 48128K, 15% used [0x0000000081400000,0x0000000081b30500,0x0000000084300000)
 Metaspace       used 30625K, capacity 31732K, committed 31872K, reserved 1077248K
  class space    used 3960K, capacity 4202K, committed 4224K, reserved 1048576K
Event: 5.228 GC heap after
Heap after GC invocations=8 (full 1):
 PSYoungGen      total 132608K, used 9704K [0x00000000d5c00000, 0x00000000dee00000, 0x0000000100000000)
  eden space 122880K, 0% used [0x00000000d5c00000,0x00000000d5c00000,0x00000000dd400000)
  from space 9728K, 99% used [0x00000000ddb00000,0x00000000de47a1e8,0x00000000de480000)
  to   space 8192K, 0% used [0x00000000de600000,0x00000000de600000,0x00000000dee00000)
 ParOldGen       total 48128K, used 10881K [0x0000000081400000, 0x0000000084300000, 0x00000000d5c00000)
  object space 48128K, 22% used [0x0000000081400000,0x0000000081ea0640,0x0000000084300000)
 Metaspace       used 30625K, capacity 31732K, committed 31872K, reserved 1077248K
  class space    used 3960K, capacity 4202K, committed 4224K, reserved 1048576K
}
Event: 5.703 GC heap before
{Heap before GC invocations=9 (full 1):
 PSYoungGen      total 132608K, used 69004K [0x00000000d5c00000, 0x00000000dee00000, 0x0000000100000000)
  eden space 122880K, 48% used [0x00000000d5c00000,0x00000000d95e9210,0x00000000dd400000)
  from space 9728K, 99% used [0x00000000ddb00000,0x00000000de47a1e8,0x00000000de480000)
  to   space 8192K, 0% used [0x00000000de600000,0x00000000de600000,0x00000000dee00000)
 ParOldGen       total 48128K, used 10881K [0x0000000081400000, 0x0000000084300000, 0x00000000d5c00000)
  object space 48128K, 22% used [0x0000000081400000,0x0000000081ea0640,0x0000000084300000)
 Metaspace       used 34215K, capacity 35408K, committed 35416K, reserved 1079296K
  class space    used 4484K, capacity 4734K, committed 4736K, reserved 1048576K
Event: 5.720 GC heap after
Heap after GC invocations=9 (full 1):
 PSYoungGen      total 131072K, used 8165K [0x00000000d5c00000, 0x00000000dee00000, 0x0000000100000000)
  eden space 122880K, 0% used [0x00000000d5c00000,0x00000000d5c00000,0x00000000dd400000)
  from space 8192K, 99% used [0x00000000de600000,0x00000000dedf9510,0x00000000dee00000)
  to   space 9728K, 0% used [0x00000000ddb00000,0x00000000ddb00000,0x00000000de480000)
 ParOldGen       total 48128K, used 16026K [0x0000000081400000, 0x0000000084300000, 0x00000000d5c00000)
  object space 48128K, 33% used [0x0000000081400000,0x00000000823a69b8,0x0000000084300000)
 Metaspace       used 34215K, capacity 35408K, committed 35416K, reserved 1079296K
  class space    used 4484K, capacity 4734K, committed 4736K, reserved 1048576K
}
Event: 5.720 GC heap before
{Heap before GC invocations=10 (full 2):
 PSYoungGen      total 131072K, used 8165K [0x00000000d5c00000, 0x00000000dee00000, 0x0000000100000000)
  eden space 122880K, 0% used [0x00000000d5c00000,0x00000000d5c00000,0x00000000dd400000)
  from space 8192K, 99% used [0x00000000de600000,0x00000000dedf9510,0x00000000dee00000)
  to   space 9728K, 0% used [0x00000000ddb00000,0x00000000ddb00000,0x00000000de480000)
 ParOldGen       total 48128K, used 16026K [0x0000000081400000, 0x0000000084300000, 0x00000000d5c00000)
  object space 48128K, 33% used [0x0000000081400000,0x00000000823a69b8,0x0000000084300000)
 Metaspace       used 34215K, capacity 35408K, committed 35416K, reserved 1079296K
  class space    used 4484K, capacity 4734K, committed 4736K, reserved 1048576K
Event: 5.800 GC heap after
Heap after GC invocations=10 (full 2):
 PSYoungGen      total 131072K, used 0K [0x00000000d5c00000, 0x00000000dee00000, 0x0000000100000000)
  eden space 122880K, 0% used [0x00000000d5c00000,0x00000000d5c00000,0x00000000dd400000)
  from space 8192K, 0% used [0x00000000de600000,0x00000000de600000,0x00000000dee00000)
  to   space 9728K, 0% used [0x00000000ddb00000,0x00000000ddb00000,0x00000000de480000)
 ParOldGen       total 74752K, used 17752K [0x0000000081400000, 0x0000000085d00000, 0x00000000d5c00000)
  object space 74752K, 23% used [0x0000000081400000,0x0000000082556208,0x0000000085d00000)
 Metaspace       used 34215K, capacity 35408K, committed 35416K, reserved 1079296K
  class space    used 4484K, capacity 4734K, committed 4736K, reserved 1048576K
}
Event: 8.715 GC heap before
{Heap before GC invocations=11 (full 2):
 PSYoungGen      total 131072K, used 122880K [0x00000000d5c00000, 0x00000000dee00000, 0x0000000100000000)
  eden space 122880K, 100% used [0x00000000d5c00000,0x00000000dd400000,0x00000000dd400000)
  from space 8192K, 0% used [0x00000000de600000,0x00000000de600000,0x00000000dee00000)
  to   space 9728K, 0% used [0x00000000ddb00000,0x00000000ddb00000,0x00000000de480000)
 ParOldGen       total 74752K, used 17752K [0x0000000081400000, 0x0000000085d00000, 0x00000000d5c00000)
  object space 74752K, 23% used [0x0000000081400000,0x0000000082556208,0x0000000085d00000)
 Metaspace       used 43987K, capacity 45360K, committed 45528K, reserved 1089536K
  class space    used 5852K, capacity 6122K, committed 6144K, reserved 1048576K
Event: 8.723 GC heap after
Heap after GC invocations=11 (full 2):
 PSYoungGen      total 132608K, used 9720K [0x00000000d5c00000, 0x00000000dee00000, 0x0000000100000000)
  eden space 122880K, 0% used [0x00000000d5c00000,0x00000000d5c00000,0x00000000dd400000)
  from space 9728K, 99% used [0x00000000ddb00000,0x00000000de47e048,0x00000000de480000)
  to   space 8192K, 0% used [0x00000000de600000,0x00000000de600000,0x00000000dee00000)
 ParOldGen       total 74752K, used 18597K [0x0000000081400000, 0x0000000085d00000, 0x00000000d5c00000)
  object space 74752K, 24% used [0x0000000081400000,0x00000000826297b0,0x0000000085d00000)
 Metaspace       used 43987K, capacity 45360K, committed 45528K, reserved 1089536K
  class space    used 5852K, capacity 6122K, committed 6144K, reserved 1048576K
}

